<?xml version="1.0" encoding="UTF-8"?>
<!-- Generated by org.testng.reporters.JUnitReportReporter -->
<testsuite hostname="DESKTOP-RPIIGQL" failures="0" tests="2" name="com.envision.basic.java.Day2" time="0.013" errors="0" timestamp="2021-08-29T19:54:15 EDT" skipped="0">
  <testcase classname="com.envision.basic.java.Day2" name="Demo3" time="0.001"/>
  <system-out/>
  <testcase classname="com.envision.basic.java.Day2" name="Demo2" time="0.012"/>
  <system-out/>
</testsuite> <!-- com.envision.basic.java.Day2 -->
