<?xml version="1.0" encoding="UTF-8"?>
<!-- Generated by org.testng.reporters.JUnitReportReporter -->
<testsuite hostname="DESKTOP-RPIIGQL" failures="0" tests="1" name="com.envision.basic.java.Day3" time="0.002" errors="0" timestamp="2021-08-29T19:54:15 EDT" skipped="0">
  <testcase classname="com.envision.basic.java.Day3" name="ploan" time="0.002"/>
  <system-out/>
</testsuite> <!-- com.envision.basic.java.Day3 -->
